# JRE version: OpenJDK Runtime Environment (8.0_151-b12) (build 1.8.0_151-8u151-b12-0ubuntu0.16.04.2-b12)
# Java VM: OpenJDK 64-Bit Server VM (25.151-b12 mixed mode linux-amd64 compressed oops)
Heap:
 PSYoungGen      total 155648K, used 7497K [0x00000000f0580000, 0x00000000faa80000, 0x0000000100000000)
  eden space 146944K, 0% used [0x00000000f0580000,0x00000000f0580000,0x00000000f9500000)
  from space 8704K, 86% used [0x00000000f9980000,0x00000000fa0d2618,0x00000000fa200000)
  to   space 6656K, 0% used [0x00000000fa400000,0x00000000fa400000,0x00000000faa80000)
 ParOldGen       total 25088K, used 19210K [0x00000000d1000000, 0x00000000d2880000, 0x00000000f0580000)
  object space 25088K, 76% used [0x00000000d1000000,0x00000000d22c29a8,0x00000000d2880000)
 Metaspace       used 28381K, capacity 28806K, committed 29184K, reserved 1075200K
  class space    used 3614K, capacity 3717K, committed 3840K, reserved 1048576K
GC Heap History (10 events):
Event: 4.062 GC heap after
Heap after GC invocations=7 (full 0):
 PSYoungGen      total 54784K, used 3967K [0x00000000f0580000, 0x00000000f7080000, 0x0000000100000000)
  eden space 49152K, 0% used [0x00000000f0580000,0x00000000f0580000,0x00000000f3580000)
  from space 5632K, 70% used [0x00000000f3580000,0x00000000f395fca8,0x00000000f3b00000)
  to   space 5632K, 0% used [0x00000000f6b00000,0x00000000f6b00000,0x00000000f7080000)
 ParOldGen       total 32768K, used 9205K [0x00000000d1000000, 0x00000000d3000000, 0x00000000f0580000)
  object space 32768K, 28% used [0x00000000d1000000,0x00000000d18fd590,0x00000000d3000000)
 Metaspace       used 17956K, capacity 18204K, committed 18560K, reserved 1064960K
  class space    used 2205K, capacity 2322K, committed 2432K, reserved 1048576K
}
Event: 4.612 GC heap before
{Heap before GC invocations=8 (full 0):
 PSYoungGen      total 54784K, used 53119K [0x00000000f0580000, 0x00000000f7080000, 0x0000000100000000)
  eden space 49152K, 100% used [0x00000000f0580000,0x00000000f3580000,0x00000000f3580000)
  from space 5632K, 70% used [0x00000000f3580000,0x00000000f395fca8,0x00000000f3b00000)
  to   space 5632K, 0% used [0x00000000f6b00000,0x00000000f6b00000,0x00000000f7080000)
 ParOldGen       total 32768K, used 9205K [0x00000000d1000000, 0x00000000d3000000, 0x00000000f0580000)
  object space 32768K, 28% used [0x00000000d1000000,0x00000000d18fd590,0x00000000d3000000)
 Metaspace       used 20280K, capacity 20544K, committed 20864K, reserved 1067008K
  class space    used 2542K, capacity 2648K, committed 2688K, reserved 1048576K
Event: 4.623 GC heap after
Heap after GC invocations=8 (full 0):
 PSYoungGen      total 102912K, used 5616K [0x00000000f0580000, 0x00000000f7280000, 0x0000000100000000)
  eden space 97280K, 0% used [0x00000000f0580000,0x00000000f0580000,0x00000000f6480000)
  from space 5632K, 99% used [0x00000000f6b00000,0x00000000f707c298,0x00000000f7080000)
  to   space 6656K, 0% used [0x00000000f6480000,0x00000000f6480000,0x00000000f6b00000)
 ParOldGen       total 32768K, used 10271K [0x00000000d1000000, 0x00000000d3000000, 0x00000000f0580000)
  object space 32768K, 31% used [0x00000000d1000000,0x00000000d1a07f08,0x00000000d3000000)
 Metaspace       used 20280K, capacity 20544K, committed 20864K, reserved 1067008K
  class space    used 2542K, capacity 2648K, committed 2688K, reserved 1048576K
}
Event: 4.682 GC heap before
{Heap before GC invocations=9 (full 0):
 PSYoungGen      total 102912K, used 14141K [0x00000000f0580000, 0x00000000f7280000, 0x0000000100000000)
  eden space 97280K, 8% used [0x00000000f0580000,0x00000000f0dd3170,0x00000000f6480000)
  from space 5632K, 99% used [0x00000000f6b00000,0x00000000f707c298,0x00000000f7080000)
  to   space 6656K, 0% used [0x00000000f6480000,0x00000000f6480000,0x00000000f6b00000)
 ParOldGen       total 32768K, used 10271K [0x00000000d1000000, 0x00000000d3000000, 0x00000000f0580000)
  object space 32768K, 31% used [0x00000000d1000000,0x00000000d1a07f08,0x00000000d3000000)
 Metaspace       used 20796K, capacity 21056K, committed 21248K, reserved 1067008K
  class space    used 2601K, capacity 2712K, committed 2816K, reserved 1048576K
Event: 4.695 GC heap after
Heap after GC invocations=9 (full 0):
 PSYoungGen      total 103936K, used 3456K [0x00000000f0580000, 0x00000000faa80000, 0x0000000100000000)
  eden space 97280K, 0% used [0x00000000f0580000,0x00000000f0580000,0x00000000f6480000)
  from space 6656K, 51% used [0x00000000f6480000,0x00000000f67e0120,0x00000000f6b00000)
  to   space 6656K, 0% used [0x00000000fa400000,0x00000000fa400000,0x00000000faa80000)
 ParOldGen       total 32768K, used 11758K [0x00000000d1000000, 0x00000000d3000000, 0x00000000f0580000)
  object space 32768K, 35% used [0x00000000d1000000,0x00000000d1b7b878,0x00000000d3000000)
 Metaspace       used 20796K, capacity 21056K, committed 21248K, reserved 1067008K
  class space    used 2601K, capacity 2712K, committed 2816K, reserved 1048576K
}
Event: 4.695 GC heap before
{Heap before GC invocations=10 (full 1):
 PSYoungGen      total 103936K, used 3456K [0x00000000f0580000, 0x00000000faa80000, 0x0000000100000000)
  eden space 97280K, 0% used [0x00000000f0580000,0x00000000f0580000,0x00000000f6480000)
  from space 6656K, 51% used [0x00000000f6480000,0x00000000f67e0120,0x00000000f6b00000)
  to   space 6656K, 0% used [0x00000000fa400000,0x00000000fa400000,0x00000000faa80000)
 ParOldGen       total 32768K, used 11758K [0x00000000d1000000, 0x00000000d3000000, 0x00000000f0580000)
  object space 32768K, 35% used [0x00000000d1000000,0x00000000d1b7b878,0x00000000d3000000)
 Metaspace       used 20796K, capacity 21056K, committed 21248K, reserved 1067008K
  class space    used 2601K, capacity 2712K, committed 2816K, reserved 1048576K
Event: 4.747 GC heap after
Heap after GC invocations=10 (full 1):
 PSYoungGen      total 103936K, used 0K [0x00000000f0580000, 0x00000000faa80000, 0x0000000100000000)
  eden space 97280K, 0% used [0x00000000f0580000,0x00000000f0580000,0x00000000f6480000)
  from space 6656K, 0% used [0x00000000f6480000,0x00000000f6480000,0x00000000f6b00000)
  to   space 6656K, 0% used [0x00000000fa400000,0x00000000fa400000,0x00000000faa80000)
 ParOldGen       total 25088K, used 8045K [0x00000000d1000000, 0x00000000d2880000, 0x00000000f0580000)
  object space 25088K, 32% used [0x00000000d1000000,0x00000000d17db4e0,0x00000000d2880000)
 Metaspace       used 20796K, capacity 21056K, committed 21248K, reserved 1067008K
  class space    used 2601K, capacity 2712K, committed 2816K, reserved 1048576K
}
Event: 6.007 GC heap before
{Heap before GC invocations=11 (full 1):
 PSYoungGen      total 103936K, used 97280K [0x00000000f0580000, 0x00000000faa80000, 0x0000000100000000)
  eden space 97280K, 100% used [0x00000000f0580000,0x00000000f6480000,0x00000000f6480000)
  from space 6656K, 0% used [0x00000000f6480000,0x00000000f6480000,0x00000000f6b00000)
  to   space 6656K, 0% used [0x00000000fa400000,0x00000000fa400000,0x00000000faa80000)
 ParOldGen       total 25088K, used 8045K [0x00000000d1000000, 0x00000000d2880000, 0x00000000f0580000)
  object space 25088K, 32% used [0x00000000d1000000,0x00000000d17db4e0,0x00000000d2880000)
 Metaspace       used 25654K, capacity 25974K, committed 26496K, reserved 1073152K
  class space    used 3263K, capacity 3361K, committed 3456K, reserved 1048576K
Event: 6.024 GC heap after
Heap after GC invocations=11 (full 1):
 PSYoungGen      total 153600K, used 6641K [0x00000000f0580000, 0x00000000faa80000, 0x0000000100000000)
  eden space 146944K, 0% used [0x00000000f0580000,0x00000000f0580000,0x00000000f9500000)
  from space 6656K, 99% used [0x00000000fa400000,0x00000000faa7c650,0x00000000faa80000)
  to   space 8704K, 0% used [0x00000000f9980000,0x00000000f9980000,0x00000000fa200000)
 ParOldGen       total 25088K, used 12705K [0x00000000d1000000, 0x00000000d2880000, 0x00000000f0580000)
  object space 25088K, 50% used [0x00000000d1000000,0x00000000d1c68500,0x00000000d2880000)
 Metaspace       used 25654K, capacity 25974K, committed 26496K, reserved 1073152K
  class space    used 3263K, capacity 3361K, committed 3456K, reserved 1048576K
}
Event: 7.634 GC heap before
{Heap before GC invocations=12 (full 1):
 PSYoungGen      total 153600K, used 153585K [0x00000000f0580000, 0x00000000faa80000, 0x0000000100000000)
  eden space 146944K, 100% used [0x00000000f0580000,0x00000000f9500000,0x00000000f9500000)
  from space 6656K, 99% used [0x00000000fa400000,0x00000000faa7c650,0x00000000faa80000)
  to   space 8704K, 0% used [0x00000000f9980000,0x00000000f9980000,0x00000000fa200000)
 ParOldGen       total 25088K, used 12705K [0x00000000d1000000, 0x00000000d2880000, 0x00000000f0580000)
  object space 25088K, 50% used [0x00000000d1000000,0x00000000d1c68500,0x00000000d2880000)
 Metaspace       used 28381K, capacity 28806K, committed 29184K, reserved 1075200K
  class space    used 3614K, capacity 3717K, committed 3840K, reserved 1048576K

